[Licensing::Module] Trying to connect to existing licensing client channel...
Built from '6000.3/staging' branch; Version is '6000.3.19f1 (7689f4515d75) revision 7768564'; Using compiler version '194234433'; Build Type 'Release'
OS: 'Windows 11  (10.0.26200) Professional' Language: 'es' Physical Memory: 16106 MB
[Licensing::IpcConnector] Successfully connected to: "LicenseClient-polli" at "2026-07-10T23:06:41.9328076Z"
BatchMode: 1, IsHumanControllingUs: 0, StartBugReporterOnCrash: 0, Is64bit: 1
System  architecture: x64
Process architecture: x64
Date: 2026-07-10T23:06:41Z

COMMAND LINE ARGUMENTS:
C:\Program Files\Unity\Hub\Editor\6000.3.19f1\Editor\Unity.exe
-adb2
-batchMode
-noUpm
-name
AssetImportWorker2
-projectPath
C:/Users/polli/Desktop/DemoWebMuebles/unity-3d
-logFile
Logs/AssetImportWorker2.log
-srvPort
51234
-parentPid
1436
-analyticsCloudUserId
6872863552503
-analyticsCloudProjectId
b0787f76-109c-4675-ad84-52c1de6942cc
-analyticsLocalProjectId
72a045a6cac28014d8a44e2a6c39a4e1
-licensingIpc
LicenseClient-polli
-job-worker-count
5
-background-job-worker-count
8
-gc-helper-count
1
-name
AssetImport
Successfully changed project path to: C:/Users/polli/Desktop/DemoWebMuebles/unity-3d
C:/Users/polli/Desktop/DemoWebMuebles/unity-3d
[UnityMemory] Configuration Parameters - Can be set up in boot.config
    "memorysetup-temp-allocator-size-nav-mesh-worker=65536"
    "memorysetup-temp-allocator-size-audio-worker=65536"
    "memorysetup-temp-allocator-size-gfx=262144"
    "memorysetup-allocator-temp-initial-block-size-main=262144"
    "memorysetup-allocator-temp-initial-block-size-worker=262144"
    "memorysetup-temp-allocator-size-background-worker=32768"
    "memorysetup-temp-allocator-size-job-worker=262144"
    "memorysetup-temp-allocator-size-preload-manager=33554432"
    "memorysetup-temp-allocator-size-gi-baking-worker=262144"
    "memorysetup-temp-allocator-size-gi-baking-worker=262144"
    "memorysetup-temp-allocator-size-gi-baking-worker=262144"
    "memorysetup-temp-allocator-size-gi-baking-worker=262144"
    "memorysetup-temp-allocator-size-gi-baking-worker=262144"
    "memorysetup-bucket-allocator-granularity=16"
    "memorysetup-bucket-allocator-bucket-count=8"
    "memorysetup-bucket-allocator-block-size=33554432"
    "memorysetup-bucket-allocator-block-count=8"
    "memorysetup-main-allocator-block-size=16777216"
    "memorysetup-thread-allocator-block-size=16777216"
    "memorysetup-gfx-main-allocator-block-size=16777216"
    "memorysetup-gfx-thread-allocator-block-size=16777216"
    "memorysetup-cache-allocator-block-size=4194304"
    "memorysetup-typetree-allocator-block-size=2097152"
    "memorysetup-profiler-bucket-allocator-granularity=16"
    "memorysetup-profiler-bucket-allocator-bucket-count=8"
    "memorysetup-profiler-bucket-allocator-block-size=33554432"
    "memorysetup-profiler-bucket-allocator-block-count=8"
    "memorysetup-profiler-allocator-block-size=16777216"
    "memorysetup-profiler-editor-allocator-block-size=1048576"
    "memorysetup-temp-allocator-size-main=16777216"
    "memorysetup-job-temp-allocator-block-size=2097152"
    "memorysetup-job-temp-allocator-block-size-background=1048576"
    "memorysetup-job-temp-allocator-reduction-small-platforms=262144"
    "memorysetup-temp-allocator-size-cloud-worker=32768"
Player connection [15532]  Target information:

Player connection [15532]  * "[IP] 192.168.1.15 [Port] 0 [Flags] 2 [Guid] 1654206435 [EditorId] 1654206435 [Version] 1048832 [Id] WindowsEditor(7,Juan) [Debug] 1 [PackageName] WindowsEditor [ProjectName] Editor" 

Player connection [15532]  * "[IP] 26.47.51.137 [Port] 0 [Flags] 2 [Guid] 1654206435 [EditorId] 1654206435 [Version] 1048832 [Id] WindowsEditor(7,Juan) [Debug] 1 [PackageName] WindowsEditor [ProjectName] Editor" 

Player connection [15532] Host joined multi-casting on [225.0.0.222:54997]...
Player connection [15532] Host joined alternative multi-casting on [225.0.0.222:34997]...
JobSystem: Creating JobQueue using job-worker-count value 5
Input System module state changed to: Initialized.
[Physics::Module] Initialized fallback backend.
[Physics::Module] Id: 0xdecafbad
Library Redirect Path: Library/
[Physics::Module] Selected backend.
[Physics::Module] Name: PhysX
[Physics::Module] Id: 0xf2b8ea05
[Physics::Module] SDK Version: 4.1.2
[Physics::Module] Integration Version: 1.0.0
[Physics::Module] Threading Mode: Multi-Threaded
Refreshing native plugins compatible for Editor in 12.11 ms, found 4 plugins.
Preloading 0 native plugins for Editor in 0.00 ms.
Initialize engine version: 6000.3.19f1 (7689f4515d75)
[Subsystems] Discovering subsystems at path C:/Program Files/Unity/Hub/Editor/6000.3.19f1/Editor/Data/Resources/UnitySubsystems
[Subsystems] Discovering subsystems at path C:/Users/polli/Desktop/DemoWebMuebles/unity-3d/Assets
GfxDevice: creating device client; kGfxThreadingModeNonThreaded
d3d12: failed to query info queue interface (0x80004002).
Direct3D:
    Version:         Direct3D 12 [level 12.2]
    Renderer:        NVIDIA GeForce RTX 3050 Laptop GPU (ID=0x25a2)
    Vendor:          NVIDIA
    VRAM:            3962 MB
    App VRAM Budget: 3367 MB
    Driver:          32.0.16.1074
Initialize mono
Mono path[0] = 'C:/Program Files/Unity/Hub/Editor/6000.3.19f1/Editor/Data/Managed'
Mono path[1] = 'C:/Program Files/Unity/Hub/Editor/6000.3.19f1/Editor/Data/MonoBleedingEdge/lib/mono/unityjit-win32'
Mono config path = 'C:/Program Files/Unity/Hub/Editor/6000.3.19f1/Editor/Data/MonoBleedingEdge/etc'
Using monoOptions --debugger-agent=transport=dt_socket,embedding=1,server=y,suspend=n,address=127.0.0.1:56204
Begin MonoManager ReloadAssembly
[Licensing::Client] Error: HandshakeResponse reported an error:
	ResponseCode: 505
	ResponseStatus: Unsupported protocol version '1.18.1'.
[Licensing::Module] Error: Failed to handshake to channel: "LicenseClient-polli"
[Licensing::IpcConnector] LicenseClient-polli channel disconnected successfully.
[Licensing::IpcConnector] Successfully connected to: "LicenseClient-polli-6000.3.19" at "2026-07-10T23:06:43.4026704Z"
Registering precompiled unity dll's ...
Register platform support module: C:/Program Files/Unity/Hub/Editor/6000.3.19f1/Editor/Data/PlaybackEngines/WebGLSupport/UnityEditor.WebGL.Extensions.dll
Register platform support module: C:/Program Files/Unity/Hub/Editor/6000.3.19f1/Editor/Data/PlaybackEngines/WindowsStandaloneSupport/UnityEditor.WindowsStandalone.Extensions.dll
Registered in 0.005450 seconds.
[Licensing::Client] Code 10 while verifying Licensing Client signature (process Id: 5968, path: "C:/Program Files/Unity/Hub/Editor/6000.3.19f1/Editor/Data/Resources/Licensing/Client/Unity.Licensing.Client.exe")
[Licensing::Module] LicensingClient has failed validation; ignoring
[Licensing::Client] Handshaking with LicensingClient:
  Version:                 1.18.1+9fbee8e
  Session Id:              8a150e3e416b41839e0c0f1460b13d3e
  Correlation Id:          9391f88b844c6fb10f259957922bed1d
  External correlation Id: 2776521838586468175
  Machine Id:              2G4c3GEPAieHquFmDVNxahtqsgI=
[Licensing::Module] Successfully connected to LicensingClient on channel: "LicenseClient-polli-6000.3.19" (connect: 0.00s, validation: 0.00s, handshake: 0.01s)
[Licensing::IpcConnector] Successfully connected to: "LicenseClient-polli-6000.3.19-notifications" at "2026-07-10T23:06:43.4176399Z"
[Licensing::Module] Licensing Background thread has ended after 1.49s
- Loaded All Assemblies, in  0.746 seconds
Native extension for WindowsStandalone target not found
Native extension for WebGL target not found
Package Manager log level set to [2]
[Package Manager] Failed to launch server process. Reason: Unity was launched with the -noUpm command-line argument
[Package Manager] Unable to send message (not connected to server process).
[Package Manager] Cannot connect to Unity Package Manager local server
ScheduleIndexationOnStartup MainProcess:False IndexOnStartup:True
Mono: successfully reloaded assembly
- Finished resetting the current domain, in  0.701 seconds
Domain Reload Profiling: 1442ms
	BeginReloadAssembly (240ms)
		ExecutionOrderSort (0ms)
		DisableScriptedObjects (0ms)
		BackupInstance (0ms)
		ReleaseScriptingObjects (0ms)
		CreateAndSetChildDomain (1ms)
	RebuildCommonClasses (66ms)
	RebuildNativeTypeToScriptingClass (22ms)
	initialDomainReloadingComplete (88ms)
	LoadAllAssembliesAndSetupDomain (325ms)
		LoadAssemblies (237ms)
		RebuildTransferFunctionScriptingTraits (0ms)
		AnalyzeDomain (319ms)
			TypeCache.Refresh (315ms)
				TypeCache.ScanAssembly (291ms)
			BuildScriptInfoCaches (0ms)
			ResolveRequiredComponents (1ms)
	FinalizeReload (702ms)
		ReleaseScriptCaches (0ms)
		RebuildScriptCaches (0ms)
		SetupLoadedEditorAssemblies (615ms)
			LogAssemblyErrors (0ms)
			InitializePlatformSupportModulesInManaged (97ms)
			SetLoadedEditorAssemblies (9ms)
			BeforeProcessingInitializeOnLoad (127ms)
			ProcessInitializeOnLoadAttributes (246ms)
			ProcessInitializeOnLoadMethodAttributes (136ms)
			AfterProcessingInitializeOnLoad (0ms)
			EditorAssembliesLoaded (0ms)
		ExecutionOrderSort2 (0ms)
		AwakeInstancesAfterBackupRestoration (0ms)
[Licensing::Client] Successfully resolved entitlement details
[Licensing::Module] License group:
  Id: 6872863552503-UnityPersXXXX
  Product: Unity Personal
  Type: Assigned
  Expiration: Unlimited
========================================================================
Worker process is ready to serve import requests
Import Worker Mode flag is 0x00
Begin MonoManager ReloadAssembly
- Loaded All Assemblies, in  0.942 seconds
Refreshing native plugins compatible for Editor in 2.09 ms, found 4 plugins.
Native extension for WindowsStandalone target not found
Native extension for WebGL target not found
[Package Manager] Failed to launch server process. Reason: Unity was launched with the -noUpm command-line argument
[Package Manager] Unable to send message (not connected to server process).
[Package Manager] Cannot connect to Unity Package Manager local server
Refreshing native plugins compatible for Editor in 3.35 ms, found 4 plugins.
[Package Manager] Failed to launch server process. Reason: Unity was launched with the -noUpm command-line argument
[Package Manager] Unable to send message (not connected to server process).
[Package Manager] Cannot connect to Unity Package Manager local server
ScheduleIndexationOnStartup MainProcess:False IndexOnStartup:True
Mono: successfully reloaded assembly
- Finished resetting the current domain, in  0.722 seconds
Domain Reload Profiling: 1659ms
	BeginReloadAssembly (150ms)
		ExecutionOrderSort (0ms)
		DisableScriptedObjects (5ms)
		BackupInstance (0ms)
		ReleaseScriptingObjects (0ms)
		CreateAndSetChildDomain (29ms)
	RebuildCommonClasses (47ms)
	RebuildNativeTypeToScriptingClass (14ms)
	initialDomainReloadingComplete (42ms)
	LoadAllAssembliesAndSetupDomain (685ms)
		LoadAssemblies (452ms)
		RebuildTransferFunctionScriptingTraits (0ms)
		AnalyzeDomain (307ms)
			TypeCache.Refresh (210ms)
				TypeCache.ScanAssembly (192ms)
			BuildScriptInfoCaches (82ms)
			ResolveRequiredComponents (11ms)
	FinalizeReload (722ms)
		ReleaseScriptCaches (0ms)
		RebuildScriptCaches (0ms)
		SetupLoadedEditorAssemblies (505ms)
			LogAssemblyErrors (0ms)
			InitializePlatformSupportModulesInManaged (2ms)
			SetLoadedEditorAssemblies (4ms)
			BeforeProcessingInitializeOnLoad (127ms)
			ProcessInitializeOnLoadAttributes (312ms)
			ProcessInitializeOnLoadMethodAttributes (54ms)
			AfterProcessingInitializeOnLoad (5ms)
			EditorAssembliesLoaded (0ms)
		ExecutionOrderSort2 (0ms)
		AwakeInstancesAfterBackupRestoration (5ms)
Launched and connected shader compiler UnityShaderCompiler.exe after 0.02 seconds
Refreshing native plugins compatible for Editor in 1.47 ms, found 4 plugins.
Preloading 0 native plugins for Editor in 0.00 ms.
Unloading 16 Unused Serialized files (Serialized files now loaded: 0)
Curl error 3: URL rejected: Malformed input to a URL function
Unloading 6441 unused Assets / (4.3 MB). Loaded Objects now: 7234.
Memory consumption went from 153.0 MB to 148.7 MB.
Total: 8.142200 ms (FindLiveObjects: 0.812700 ms CreateObjectMapping: 0.622200 ms MarkObjects: 4.248300 ms  DeleteObjects: 2.458400 ms)

========================================================================
Received Import Request.
  Time since last request: 104436.460001 seconds.
  path: Assets/Models/Frigorifico.fbx
  artifactKey: Guid(004abca3a9ac193479202f025cc5bc37) Importer(815301076,1909f56bfc062723c751e8b465ee728b)
Start importing Assets/Models/Frigorifico.fbx using Guid(004abca3a9ac193479202f025cc5bc37) Importer(815301076,1909f56bfc062723c751e8b465ee728b) (PreviewImporter) -> (artifact id: '4b8d0668d07be84628284d8fcfabd87e') in 0.8419719 seconds
Number of updated asset objects reloaded before import = 0Number of asset objects unloaded after import = 194

========================================================================
Received Import Request.
  Time since last request: 0.082054 seconds.
  path: Assets/Models/Frigorifico.fbx
  artifactKey: Guid(004abca3a9ac193479202f025cc5bc37) Importer(2089858483,b0f066a214c2f5e87bad3c948f4d605d)
Start importing Assets/Models/Frigorifico.fbx using Guid(004abca3a9ac193479202f025cc5bc37) Importer(2089858483,b0f066a214c2f5e87bad3c948f4d605d) (ScriptedImporter) -> (artifact id: 'ff72e62d344841d997c4ac94c4f871cf') in 0.1031646 seconds
Number of updated asset objects reloaded before import = 0Number of asset objects unloaded after import = 194

========================================================================
Received Import Request.
  Time since last request: 15.486369 seconds.
  path: Assets/Models/Espejo.fbx
  artifactKey: Guid(2c46dc8b1188519478449f84b2b60df2) Importer(815301076,1909f56bfc062723c751e8b465ee728b)
Start importing Assets/Models/Espejo.fbx using Guid(2c46dc8b1188519478449f84b2b60df2) Importer(815301076,1909f56bfc062723c751e8b465ee728b) (PreviewImporter) -> (artifact id: '5239e80d09a8ad5e57bb305168b499e4') in 0.0376442 seconds
Number of updated asset objects reloaded before import = 0Number of asset objects unloaded after import = 8

========================================================================
Received Import Request.
  Time since last request: 0.891368 seconds.
  path: Assets/Models/Espejo.fbx
  artifactKey: Guid(2c46dc8b1188519478449f84b2b60df2) Importer(2089858483,b0f066a214c2f5e87bad3c948f4d605d)
Start importing Assets/Models/Espejo.fbx using Guid(2c46dc8b1188519478449f84b2b60df2) Importer(2089858483,b0f066a214c2f5e87bad3c948f4d605d) (ScriptedImporter) -> (artifact id: '2c80e22cac6c0a5381ede7d4a20e0421') in 0.0313843 seconds
Number of updated asset objects reloaded before import = 0Number of asset objects unloaded after import = 8

========================================================================
Received Import Request.
  Time since last request: 9.189961 seconds.
  path: Assets/Models/ArmarioCocina.fbx
  artifactKey: Guid(af433bd86a018394e813f55dab75ae07) Importer(815301076,1909f56bfc062723c751e8b465ee728b)
Start importing Assets/Models/ArmarioCocina.fbx using Guid(af433bd86a018394e813f55dab75ae07) Importer(815301076,1909f56bfc062723c751e8b465ee728b) (PreviewImporter) -> (artifact id: 'af451c60fe718d0ce22f50b72f526cef') in 0.0866267 seconds
Number of updated asset objects reloaded before import = 0Number of asset objects unloaded after import = 14

========================================================================
Received Import Request.
  Time since last request: 0.903804 seconds.
  path: Assets/Models/ArmarioCocina.fbx
  artifactKey: Guid(af433bd86a018394e813f55dab75ae07) Importer(2089858483,b0f066a214c2f5e87bad3c948f4d605d)
Start importing Assets/Models/ArmarioCocina.fbx using Guid(af433bd86a018394e813f55dab75ae07) Importer(2089858483,b0f066a214c2f5e87bad3c948f4d605d) (ScriptedImporter) -> (artifact id: '309fa1337b699b6aded0480fc4871de9') in 0.0202566 seconds
Number of updated asset objects reloaded before import = 0Number of asset objects unloaded after import = 14

========================================================================
Received Import Request.
  Time since last request: 2.957133 seconds.
  path: Assets/Models/Chimenea.fbx
  artifactKey: Guid(a02b1cbfa5ff2c74f9c98f8ab1ead1ce) Importer(815301076,1909f56bfc062723c751e8b465ee728b)
Start importing Assets/Models/Chimenea.fbx using Guid(a02b1cbfa5ff2c74f9c98f8ab1ead1ce) Importer(815301076,1909f56bfc062723c751e8b465ee728b) (PreviewImporter) -> (artifact id: 'f4a699861ac26ae97f18e02b69737792') in 0.036734 seconds
Number of updated asset objects reloaded before import = 0Number of asset objects unloaded after import = 9

========================================================================
Received Import Request.
  Time since last request: 0.898822 seconds.
  path: Assets/Models/Chimenea.fbx
  artifactKey: Guid(a02b1cbfa5ff2c74f9c98f8ab1ead1ce) Importer(2089858483,b0f066a214c2f5e87bad3c948f4d605d)
Start importing Assets/Models/Chimenea.fbx using Guid(a02b1cbfa5ff2c74f9c98f8ab1ead1ce) Importer(2089858483,b0f066a214c2f5e87bad3c948f4d605d) (ScriptedImporter) -> (artifact id: '00e272d26f0f0d275a47a288b2bb625f') in 0.0233871 seconds
Number of updated asset objects reloaded before import = 0Number of asset objects unloaded after import = 9

========================================================================
Received Import Request.
  Time since last request: 3.793799 seconds.
  path: Assets/Models/Fogones.fbx
  artifactKey: Guid(ead6e85c6015c9b4ba39e54c6128d284) Importer(815301076,1909f56bfc062723c751e8b465ee728b)
Start importing Assets/Models/Fogones.fbx using Guid(ead6e85c6015c9b4ba39e54c6128d284) Importer(815301076,1909f56bfc062723c751e8b465ee728b) (PreviewImporter) -> (artifact id: '3ffa7d38b8f36256a26484df93129fb5') in 0.1112868 seconds
Number of updated asset objects reloaded before import = 0Number of asset objects unloaded after import = 18

========================================================================
Received Import Request.
  Time since last request: 0.825650 seconds.
  path: Assets/Models/Fogones.fbx
  artifactKey: Guid(ead6e85c6015c9b4ba39e54c6128d284) Importer(2089858483,b0f066a214c2f5e87bad3c948f4d605d)
Start importing Assets/Models/Fogones.fbx using Guid(ead6e85c6015c9b4ba39e54c6128d284) Importer(2089858483,b0f066a214c2f5e87bad3c948f4d605d) (ScriptedImporter) -> (artifact id: 'ecb745abbd33f782c7402c2d6fbcadef') in 0.0186424 seconds
Number of updated asset objects reloaded before import = 0Number of asset objects unloaded after import = 18

========================================================================
Received Import Request.
  Time since last request: 12.083143 seconds.
  path: Assets/Models/GranCuadro.fbx
  artifactKey: Guid(8d424f124700e734eb8bb9c88d65baf2) Importer(815301076,1909f56bfc062723c751e8b465ee728b)
Start importing Assets/Models/GranCuadro.fbx using Guid(8d424f124700e734eb8bb9c88d65baf2) Importer(815301076,1909f56bfc062723c751e8b465ee728b) (PreviewImporter) -> (artifact id: 'f5578944f6e41188ff6b6837b1e6fd80') in 0.2829133 seconds
Number of updated asset objects reloaded before import = 0Number of asset objects unloaded after import = 28

========================================================================
Received Import Request.
  Time since last request: 0.656961 seconds.
  path: Assets/Models/GranCuadro.fbx
  artifactKey: Guid(8d424f124700e734eb8bb9c88d65baf2) Importer(2089858483,b0f066a214c2f5e87bad3c948f4d605d)
Start importing Assets/Models/GranCuadro.fbx using Guid(8d424f124700e734eb8bb9c88d65baf2) Importer(2089858483,b0f066a214c2f5e87bad3c948f4d605d) (ScriptedImporter) -> (artifact id: 'b0934d056af160a53d728e9db597368f') in 0.0214883 seconds
Number of updated asset objects reloaded before import = 0Number of asset objects unloaded after import = 28

========================================================================
Received Import Request.
  Time since last request: 15.189084 seconds.
  path: Assets/Models/LamparaPared.fbx
  artifactKey: Guid(01477f43d58deb44c93412e16b9a156a) Importer(815301076,1909f56bfc062723c751e8b465ee728b)
Start importing Assets/Models/LamparaPared.fbx using Guid(01477f43d58deb44c93412e16b9a156a) Importer(815301076,1909f56bfc062723c751e8b465ee728b) (PreviewImporter) -> (artifact id: '1b0de03b89a6bb886abbe9949413853b') in 0.1384541 seconds
Number of updated asset objects reloaded before import = 0Number of asset objects unloaded after import = 15

========================================================================
Received Import Request.
  Time since last request: 0.799076 seconds.
  path: Assets/Models/LamparaPared.fbx
  artifactKey: Guid(01477f43d58deb44c93412e16b9a156a) Importer(2089858483,b0f066a214c2f5e87bad3c948f4d605d)
Start importing Assets/Models/LamparaPared.fbx using Guid(01477f43d58deb44c93412e16b9a156a) Importer(2089858483,b0f066a214c2f5e87bad3c948f4d605d) (ScriptedImporter) -> (artifact id: '314497ec892ac707f6e1b2dbf5513dd8') in 0.0219923 seconds
Number of updated asset objects reloaded before import = 0Number of asset objects unloaded after import = 15

========================================================================
Received Import Request.
  Time since last request: 14.769907 seconds.
  path: Assets/Models/EstanteriaFlotanteLibros.fbx
  artifactKey: Guid(1091bf2d2a0a4bb43a546c4b171faa3d) Importer(815301076,1909f56bfc062723c751e8b465ee728b)
Start importing Assets/Models/EstanteriaFlotanteLibros.fbx using Guid(1091bf2d2a0a4bb43a546c4b171faa3d) Importer(815301076,1909f56bfc062723c751e8b465ee728b) (PreviewImporter) -> (artifact id: '9215e698c1389eb2462909a26a5dd228') in 0.0449343 seconds
Number of updated asset objects reloaded before import = 0Number of asset objects unloaded after import = 41

========================================================================
Received Import Request.
  Time since last request: 0.897967 seconds.
  path: Assets/Models/EstanteriaFlotanteLibros.fbx
  artifactKey: Guid(1091bf2d2a0a4bb43a546c4b171faa3d) Importer(2089858483,b0f066a214c2f5e87bad3c948f4d605d)
Start importing Assets/Models/EstanteriaFlotanteLibros.fbx using Guid(1091bf2d2a0a4bb43a546c4b171faa3d) Importer(2089858483,b0f066a214c2f5e87bad3c948f4d605d) (ScriptedImporter) -> (artifact id: 'ef08a8aa04da05fb70f940f8393435e1') in 0.0224564 seconds
Number of updated asset objects reloaded before import = 0Number of asset objects unloaded after import = 41

========================================================================
Received Import Request.
  Time since last request: 7.161946 seconds.
  path: Assets/Models/EstanteriaFlotanteLibros.fbx
  artifactKey: Guid(1091bf2d2a0a4bb43a546c4b171faa3d) Importer(815301076,1909f56bfc062723c751e8b465ee728b)
Start importing Assets/Models/EstanteriaFlotanteLibros.fbx using Guid(1091bf2d2a0a4bb43a546c4b171faa3d) Importer(815301076,1909f56bfc062723c751e8b465ee728b) (PreviewImporter) -> (artifact id: '3b6781331ee5b9f732706366621db47c') in 0.0926324 seconds
Number of updated asset objects reloaded before import = 0Number of asset objects unloaded after import = 41

========================================================================
Received Import Request.
  Time since last request: 0.849114 seconds.
  path: Assets/Models/EstanteriaFlotanteLibros.fbx
  artifactKey: Guid(1091bf2d2a0a4bb43a546c4b171faa3d) Importer(2089858483,b0f066a214c2f5e87bad3c948f4d605d)
Start importing Assets/Models/EstanteriaFlotanteLibros.fbx using Guid(1091bf2d2a0a4bb43a546c4b171faa3d) Importer(2089858483,b0f066a214c2f5e87bad3c948f4d605d) (ScriptedImporter) -> (artifact id: '497f3fd77d203779024424da4b34c7bf') in 0.0189054 seconds
Number of updated asset objects reloaded before import = 0Number of asset objects unloaded after import = 41

========================================================================
Received Import Request.
  Time since last request: 15.919423 seconds.
  path: Assets/Models/EstanteriaFlotanteLibros.fbx
  artifactKey: Guid(1091bf2d2a0a4bb43a546c4b171faa3d) Importer(815301076,1909f56bfc062723c751e8b465ee728b)
Start importing Assets/Models/EstanteriaFlotanteLibros.fbx using Guid(1091bf2d2a0a4bb43a546c4b171faa3d) Importer(815301076,1909f56bfc062723c751e8b465ee728b) (PreviewImporter) -> (artifact id: '310f8a97b05b08c27fcd3c51d115a07e') in 0.1007015 seconds
Number of updated asset objects reloaded before import = 0Number of asset objects unloaded after import = 41

========================================================================
Received Import Request.
  Time since last request: 0.839243 seconds.
  path: Assets/Models/EstanteriaFlotanteLibros.fbx
  artifactKey: Guid(1091bf2d2a0a4bb43a546c4b171faa3d) Importer(2089858483,b0f066a214c2f5e87bad3c948f4d605d)
Start importing Assets/Models/EstanteriaFlotanteLibros.fbx using Guid(1091bf2d2a0a4bb43a546c4b171faa3d) Importer(2089858483,b0f066a214c2f5e87bad3c948f4d605d) (ScriptedImporter) -> (artifact id: '87437fce75853d05d808dc6fb8f61125') in 0.0164806 seconds
Number of updated asset objects reloaded before import = 0Number of asset objects unloaded after import = 41

========================================================================
Received Import Request.
  Time since last request: 4.466373 seconds.
  path: Assets/Models/MiniCuadro.fbx
  artifactKey: Guid(1c80ee9bc17560c40b62b596902cc63d) Importer(815301076,1909f56bfc062723c751e8b465ee728b)
Start importing Assets/Models/MiniCuadro.fbx using Guid(1c80ee9bc17560c40b62b596902cc63d) Importer(815301076,1909f56bfc062723c751e8b465ee728b) (PreviewImporter) -> (artifact id: 'b7984ae78542f254467a30edddddc1f9') in 0.1547745 seconds
Number of updated asset objects reloaded before import = 0Number of asset objects unloaded after import = 16

========================================================================
Received Import Request.
  Time since last request: 0.780167 seconds.
  path: Assets/Models/MiniCuadro.fbx
  artifactKey: Guid(1c80ee9bc17560c40b62b596902cc63d) Importer(2089858483,b0f066a214c2f5e87bad3c948f4d605d)
Start importing Assets/Models/MiniCuadro.fbx using Guid(1c80ee9bc17560c40b62b596902cc63d) Importer(2089858483,b0f066a214c2f5e87bad3c948f4d605d) (ScriptedImporter) -> (artifact id: '8b429a3046af1bfd3b75be62602ea183') in 0.0186282 seconds
Number of updated asset objects reloaded before import = 0Number of asset objects unloaded after import = 16

========================================================================
Received Import Request.
  Time since last request: 5.439649 seconds.
  path: Assets/Models/MesitaNoche.fbx
  artifactKey: Guid(de8d4203c0903564faaff787d5bd2d67) Importer(815301076,1909f56bfc062723c751e8b465ee728b)
Start importing Assets/Models/MesitaNoche.fbx using Guid(de8d4203c0903564faaff787d5bd2d67) Importer(815301076,1909f56bfc062723c751e8b465ee728b) (PreviewImporter) -> (artifact id: '78264e99f0bd4ca663bc9c657b2a78ab') in 0.0586133 seconds
Number of updated asset objects reloaded before import = 0Number of asset objects unloaded after import = 9

========================================================================
Received Import Request.
  Time since last request: 0.877073 seconds.
  path: Assets/Models/MesitaNoche.fbx
  artifactKey: Guid(de8d4203c0903564faaff787d5bd2d67) Importer(2089858483,b0f066a214c2f5e87bad3c948f4d605d)
Start importing Assets/Models/MesitaNoche.fbx using Guid(de8d4203c0903564faaff787d5bd2d67) Importer(2089858483,b0f066a214c2f5e87bad3c948f4d605d) (ScriptedImporter) -> (artifact id: '238b7cdf25310a2a3aa0885ddbeb4cca') in 0.017408 seconds
Number of updated asset objects reloaded before import = 0Number of asset objects unloaded after import = 9

========================================================================
Received Import Request.
  Time since last request: 3.940782 seconds.
  path: Assets/Models/PosterPared.fbx
  artifactKey: Guid(bcd3d5b2cf277cd4bb73919ba3806357) Importer(815301076,1909f56bfc062723c751e8b465ee728b)
Start importing Assets/Models/PosterPared.fbx using Guid(bcd3d5b2cf277cd4bb73919ba3806357) Importer(815301076,1909f56bfc062723c751e8b465ee728b) (PreviewImporter) -> (artifact id: '2de18ba91d0be51ebfe913d2ffcdfb45') in 0.1205637 seconds
Number of updated asset objects reloaded before import = 0Number of asset objects unloaded after import = 69

========================================================================
Received Import Request.
  Time since last request: 0.818347 seconds.
  path: Assets/Models/PosterPared.fbx
  artifactKey: Guid(bcd3d5b2cf277cd4bb73919ba3806357) Importer(2089858483,b0f066a214c2f5e87bad3c948f4d605d)
Start importing Assets/Models/PosterPared.fbx using Guid(bcd3d5b2cf277cd4bb73919ba3806357) Importer(2089858483,b0f066a214c2f5e87bad3c948f4d605d) (ScriptedImporter) -> (artifact id: '012c858fc0153adfe501ac03b6138700') in 0.023746 seconds
Number of updated asset objects reloaded before import = 0Number of asset objects unloaded after import = 69

========================================================================
Received Import Request.
  Time since last request: 1.930509 seconds.
  path: Assets/Models/RelojPared.fbx
  artifactKey: Guid(5ced53b15fbbbd54d958f08d6fcb436f) Importer(815301076,1909f56bfc062723c751e8b465ee728b)
Start importing Assets/Models/RelojPared.fbx using Guid(5ced53b15fbbbd54d958f08d6fcb436f) Importer(815301076,1909f56bfc062723c751e8b465ee728b) (PreviewImporter) -> (artifact id: 'a0d2de9c28b47470a40c716e8affb01b') in 0.3066995 seconds
Number of updated asset objects reloaded before import = 0Number of asset objects unloaded after import = 330

========================================================================
Received Import Request.
  Time since last request: 0.630791 seconds.
  path: Assets/Models/RelojPared.fbx
  artifactKey: Guid(5ced53b15fbbbd54d958f08d6fcb436f) Importer(2089858483,b0f066a214c2f5e87bad3c948f4d605d)
Start importing Assets/Models/RelojPared.fbx using Guid(5ced53b15fbbbd54d958f08d6fcb436f) Importer(2089858483,b0f066a214c2f5e87bad3c948f4d605d) (ScriptedImporter) -> (artifact id: '25265c238ff7b1ea20b1c0b0082c0087') in 0.0315376 seconds
Number of updated asset objects reloaded before import = 0Number of asset objects unloaded after import = 330

========================================================================
Received Import Request.
  Time since last request: 2.840710 seconds.
  path: Assets/Models/TelevisorMesa.fbx
  artifactKey: Guid(9ca5e30c25f66ac42b31005cbf356dc3) Importer(815301076,1909f56bfc062723c751e8b465ee728b)
Start importing Assets/Models/TelevisorMesa.fbx using Guid(9ca5e30c25f66ac42b31005cbf356dc3) Importer(815301076,1909f56bfc062723c751e8b465ee728b) (PreviewImporter) -> (artifact id: '9eaa584164cba50c5ce617c3cba9accc') in 0.0891724 seconds
Number of updated asset objects reloaded before import = 0Number of asset objects unloaded after import = 17

========================================================================
Received Import Request.
  Time since last request: 0.849644 seconds.
  path: Assets/Models/TelevisorMesa.fbx
  artifactKey: Guid(9ca5e30c25f66ac42b31005cbf356dc3) Importer(2089858483,b0f066a214c2f5e87bad3c948f4d605d)
Start importing Assets/Models/TelevisorMesa.fbx using Guid(9ca5e30c25f66ac42b31005cbf356dc3) Importer(2089858483,b0f066a214c2f5e87bad3c948f4d605d) (ScriptedImporter) -> (artifact id: '33ff4db8792e5ec45a33926e6ecd169b') in 0.0227541 seconds
Number of updated asset objects reloaded before import = 0Number of asset objects unloaded after import = 17

========================================================================
Received Import Request.
  Time since last request: 1.921988 seconds.
  path: Assets/Models/UtensiliosCocina.fbx
  artifactKey: Guid(cde6d8376eee45042bcf0b7fc11bdd91) Importer(815301076,1909f56bfc062723c751e8b465ee728b)
Start importing Assets/Models/UtensiliosCocina.fbx using Guid(cde6d8376eee45042bcf0b7fc11bdd91) Importer(815301076,1909f56bfc062723c751e8b465ee728b) (PreviewImporter) -> (artifact id: '5bdf0678bcfdc60f8e0b80b68a66e116') in 0.2056254 seconds
Number of updated asset objects reloaded before import = 0Number of asset objects unloaded after import = 48

========================================================================
Received Import Request.
  Time since last request: 0.728780 seconds.
  path: Assets/Models/UtensiliosCocina.fbx
  artifactKey: Guid(cde6d8376eee45042bcf0b7fc11bdd91) Importer(2089858483,b0f066a214c2f5e87bad3c948f4d605d)
Start importing Assets/Models/UtensiliosCocina.fbx using Guid(cde6d8376eee45042bcf0b7fc11bdd91) Importer(2089858483,b0f066a214c2f5e87bad3c948f4d605d) (ScriptedImporter) -> (artifact id: 'cc819b0d1bfef53908134e60f59aab0c') in 0.0218296 seconds
Number of updated asset objects reloaded before import = 0Number of asset objects unloaded after import = 48

========================================================================
Received Import Request.
  Time since last request: 882.431225 seconds.
  path: Assets/Scenes/SampleScene.unity
  artifactKey: Guid(99c9720ab356a0642a771bea13969a05) Importer(2089858483,b0f066a214c2f5e87bad3c948f4d605d)
Start importing Assets/Scenes/SampleScene.unity using Guid(99c9720ab356a0642a771bea13969a05) Importer(2089858483,b0f066a214c2f5e87bad3c948f4d605d) (ScriptedImporter) -> (artifact id: '681ac5cfa30fa9483bcbe917bce8e16c') in 0.0236406 seconds
Number of updated asset objects reloaded before import = 0Number of asset objects unloaded after import = 1

========================================================================
Received Import Request.
  Time since last request: 2.906615 seconds.
  path: Assets/Scripts/RoomSizeController.cs
  artifactKey: Guid(f2687308b65aafa4c865792d9d84c771) Importer(815301076,1909f56bfc062723c751e8b465ee728b)
Start importing Assets/Scripts/RoomSizeController.cs using Guid(f2687308b65aafa4c865792d9d84c771) Importer(815301076,1909f56bfc062723c751e8b465ee728b) (PreviewImporter) -> (artifact id: 'a411397fa5649305e90aed866c8e33bb') in 0.0011088 seconds
Number of updated asset objects reloaded before import = 0Number of asset objects unloaded after import = 0

